INFO  info.magnolia.config.source.yaml.YamlConfigurationSource 04.03.2021 08:32:35 -- Registered definition from YAML file [/hello-magnolia/dialogs/components/card.yaml]: [dialog] definition [card] with reference id: [hello-magnolia:components/card] from module [hello-magnolia] at [components/card]
WARN  info.magnolia.config.source.yaml.YamlConfigurationSource 04.03.2021 08:32:35 -- 1 major and 1 minor problems have been encountered
INFO  info.magnolia.config.source.yaml.YamlConfigurationSource 04.03.2021 08:32:35 -- Registered definition from YAML file [/hello-magnolia/dialogs/pages/hello-page.yaml]: [dialog] definition [hello-page] with reference id: [hello-magnolia:pages/hello-page] from module [hello-magnolia] at [pages/hello-page]
INFO  info.magnolia.config.source.yaml.YamlConfigurationSource 04.03.2021 08:32:35 -- Registered definition from YAML file [/hello-magnolia/dialogs/pages/test.yaml]: [dialog] definition [test] with reference id: [hello-magnolia:pages/test] from module [hello-magnolia] at [pages/test]
INFO  info.magnolia.config.source.yaml.YamlConfigurationSource 04.03.2021 08:32:35 -- Registered definition from YAML file [/ui-framework-jcr/dialogs/chooser.yaml]: [dialog] definition [chooser] with reference id: [ui-framework-jcr:chooser] from module [ui-framework-jcr] at [chooser]
INFO  info.magnolia.config.source.yaml.YamlConfigurationSource 04.03.2021 08:32:35 -- Registered definition from YAML file [/ui-framework-jcr/dialogs/import.yaml]: [dialog] definition [import] with reference id: [ui-framework-jcr:import] from module [ui-framework-jcr] at [import]
INFO  info.magnolia.config.source.yaml.YamlConfigurationSource 04.03.2021 08:32:35 -- Registered definition from YAML file [/ui-framework-jcr/dialogs/move.yaml]: [dialog] definition [move] with reference id: [ui-framework-jcr:move] from module [ui-framework-jcr] at [move]
INFO  info.magnolia.config.source.yaml.YamlConfigurationSource 04.03.2021 08:32:35 -- Registered definition from YAML file [/ui-framework-jcr/dialogs/rename.yaml]: [dialog] definition [rename] with reference id: [ui-framework-jcr:rename] from module [ui-framework-jcr] at [rename]
INFO  info.magnolia.config.source.yaml.YamlConfigurationSource 04.03.2021 08:32:35 -- Registered definition from YAML file [/ui-framework-jcr/dialogs/restoreVersion.yaml]: [dialog] definition [restoreVersion] with reference id: [ui-framework-jcr:restoreVersion] from module [ui-framework-jcr] at [restoreVersion]
INFO  info.magnolia.config.source.yaml.YamlConfigurationSource 04.03.2021 08:32:35 -- Registered definition from YAML file [/ui-framework-jcr/dialogs/versions.yaml]: [dialog] definition [versions] with reference id: [ui-framework-jcr:versions] from module [ui-framework-jcr] at [versions]
INFO  info.magnolia.config.source.yaml.YamlConfigurationSource 04.03.2021 08:32:35 -- Registered definition from YAML file [/jcr-browser/dialogs/addNode.yaml]: [dialog] definition [addNode] with reference id: [jcr-browser:addNode] from module [jcr-browser] at [addNode]
INFO  info.magnolia.config.source.yaml.YamlConfigurationSource 04.03.2021 08:32:35 -- Registered definition from YAML file [/jcr-browser/dialogs/editProperty.yaml]: [dialog] definition [editProperty] with reference id: [jcr-browser:editProperty] from module [jcr-browser] at [editProperty]
INFO  info.magnolia.config.source.yaml.YamlConfigurationSource 04.03.2021 08:32:35 -- Registered definition from YAML file [/jcr-browser/dialogs/rename.yaml]: [dialog] definition [rename] with reference id: [jcr-browser:rename] from module [jcr-browser] at [rename]
INFO  info.magnolia.config.source.yaml.YamlConfigurationSource 04.03.2021 08:32:35 -- Registered definition from YAML file [/pages-app/dialogs/changePageTemplate.yaml]: [dialog] definition [changePageTemplate] with reference id: [pages-app:changePageTemplate] from module [pages-app] at [changePageTemplate]
INFO  info.magnolia.config.source.yaml.YamlConfigurationSource 04.03.2021 08:32:35 -- Registered definition from YAML file [/pages-app/dialogs/componentTemplate.yaml]: [dialog] definition [componentTemplate] with reference id: [pages-app:componentTemplate] from module [pages-app] at [componentTemplate]
INFO  info.magnolia.config.source.yaml.YamlConfigurationSource 04.03.2021 08:32:35 -- Registered definition from YAML file [/pages-app/dialogs/createPage.yaml]: [dialog] definition [createPage] with reference id: [pages-app:createPage] from module [pages-app] at [createPage]
INFO  info.magnolia.config.source.yaml.YamlConfigurationSource 04.03.2021 08:32:35 -- Registered definition from YAML file [/pages-app/dialogs/newComponent.yaml]: [dialog] definition [newComponent] with reference id: [pages-app:newComponent] from module [pages-app] at [newComponent]
INFO  info.magnolia.config.source.yaml.YamlConfigurationSource 04.03.2021 08:32:35 -- Registered definition from YAML file [/pages-app/dialogs/renamePage.yaml]: [dialog] definition [renamePage] with reference id: [pages-app:renamePage] from module [pages-app] at [renamePage]
INFO  info.magnolia.config.source.yaml.YamlConfigurationSource 04.03.2021 08:32:35 -- Registered definition from YAML file [/pages-app/dialogs/versions.yaml]: [dialog] definition [versions] with reference id: [pages-app:versions] from module [pages-app] at [versions]
INFO  info.magnolia.config.source.yaml.YamlConfigurationSource 04.03.2021 08:32:35 -- Registered definition from YAML file [/resources-app/dialogs/addFile.yaml]: [dialog] definition [addFile] with reference id: [resources-app:addFile] from module [resources-app] at [addFile]
INFO  info.magnolia.config.source.yaml.YamlConfigurationSource 04.03.2021 08:32:35 -- Registered definition from YAML file [/resources-app/dialogs/addFolder.yaml]: [dialog] definition [addFolder] with reference id: [resources-app:addFolder] from module [resources-app] at [addFolder]
INFO  info.magnolia.config.source.yaml.YamlConfigurationSource 04.03.2021 08:32:35 -- Registered definition from YAML file [/resources-app/dialogs/upload.yaml]: [dialog] definition [upload] with reference id: [resources-app:upload] from module [resources-app] at [upload]
INFO  info.magnolia.config.source.yaml.YamlConfigurationSource 04.03.2021 08:32:35 -- Registered definition from YAML file [/resources-app/dialogs/versions.yaml]: [dialog] definition [versions] with reference id: [resources-app:versions] from module [resources-app] at [versions]
INFO  info.magnolia.config.source.yaml.YamlConfigurationSource 04.03.2021 08:32:35 -- Registered definition from YAML file [/admincentral/dialogs/userMenu.yaml]: [dialog] definition [userMenu] with reference id: [admincentral:userMenu] from module [admincentral] at [userMenu]
INFO  info.magnolia.config.source.yaml.AbstractFileResourceConfigurationSource 04.03.2021 08:32:36 -- Setting up YamlConfigurationSource to load AppDescriptor definitions from resources
INFO  info.magnolia.config.source.yaml.YamlConfigurationSource 04.03.2021 08:32:36 -- Registered definition from YAML file [/tasks-app/apps/tasks-app.yaml]: [app] definition [tasks-app] with reference id: [tasks-app] from module [tasks-app] at [tasks-app]
INFO  info.magnolia.config.source.yaml.YamlConfigurationSource 04.03.2021 08:32:36 -- Registered definition from YAML file [/definitions-app/apps/definitions-app.yaml]: [app] definition [definitions-app] with reference id: [definitions-app] from module [definitions-app] at [definitions-app]
INFO  info.magnolia.config.source.yaml.YamlConfigurationSource 04.03.2021 08:32:37 -- Registered definition from YAML file [/jcr-browser/apps/jcr-browser-app.yaml]: [app] definition [jcr-browser-app] with reference id: [jcr-browser-app] from module [jcr-browser] at [jcr-browser-app]
INFO  info.magnolia.config.source.yaml.YamlConfigurationSource 04.03.2021 08:32:37 -- Registered definition from YAML file [/pages-app/apps/pages-app.yaml]: [app] definition [pages-app] with reference id: [pages-app] from module [pages-app] at [pages-app]
INFO  info.magnolia.config.source.yaml.YamlConfigurationSource 04.03.2021 08:32:37 -- Registered definition from YAML file [/publishing-app/apps/publishing.yaml]: [app] definition [publishing] with reference id: [publishing] from module [publishing-app] at [publishing]
INFO  info.magnolia.config.source.yaml.YamlConfigurationSource 04.03.2021 08:32:37 -- Registered definition from YAML file [/resources-app/apps/resources.yaml]: [app] definition [resources] with reference id: [resources] from module [resources-app] at [resources]
INFO  info.magnolia.config.source.yaml.YamlConfigurationSource 04.03.2021 08:32:37 -- Registered definition from YAML file [/admincentral/apps/notifications.yaml]: [app] definition [notifications] with reference id: [notifications] from module [admincentral] at [notifications]
INFO  info.magnolia.module.ModuleManagerImpl 04.03.2021 08:32:37 -- Starting module scheduler
INFO  info.magnolia.module.scheduler.SchedulerModule 04.03.2021 08:32:37 -- Job cleanTempFiles added [0 0 0/12 1/1 * ? *]. Will fire for the first time on Thu Mar 04 at 12:00:00 SGT 2021
INFO  info.magnolia.module.scheduler.SchedulerModule 04.03.2021 08:32:37 -- Job configScan added [0 0 0 * * ?]. Will fire for the first time on Fri Mar 05 at 00:00:00 SGT 2021
INFO  info.magnolia.module.ModuleManagerImpl 04.03.2021 08:32:37 -- Starting module ui-admincentral
INFO  info.magnolia.config.source.yaml.AbstractFileResourceConfigurationSource 04.03.2021 08:32:37 -- Setting up YamlConfigurationSource to load ItemViewDefinition definitions from resources
INFO  info.magnolia.config.source.yaml.YamlConfigurationSource 04.03.2021 08:32:37 -- Registered definition from YAML file [/admincentral/messageViews/default.yaml]: [messageView] definition [default] with reference id: [admincentral:default] from module [admincentral] at [default]
INFO  info.magnolia.module.ModuleManagerImpl 04.03.2021 08:32:38 -- Starting module magnolia-usage-metrics
INFO  info.magnolia.module.ModuleManagerImpl 04.03.2021 08:32:38 -- Starting module task-management
INFO  info.magnolia.module.ModuleManagerImpl 04.03.2021 08:32:38 -- Starting module content-importer
INFO  info.magnolia.content.observer.ContentImporterModule 04.03.2021 08:32:38 -- Content bootstrap directory is not defined with property of 'magnolia.content.bootstrap.dir' in magnolia.properties file, therefore observation is not started.
WARN  info.magnolia.cms.util.WorkspaceObservingManager 04.03.2021 08:32:38 -- A deprecated class or method was used: Use reload() instead. Check the following trace: info.magnolia.commands.CommandsManager.reload(CommandsManager.java:269), info.magnolia.cms.util.WorkspaceObservingManager.start(WorkspaceObservingManager.java:91), the full stacktrace will be logged in debug mode in the info.magnolia.cms.util.DeprecationUtil category.
WARN  info.magnolia.cms.util.DeprecationUtil 04.03.2021 08:32:38 -- A deprecated class or method was used: Use reload() instead. Check the following trace: info.magnolia.commands.CommandsManager.reload(CommandsManager.java:269), info.magnolia.cms.util.WorkspaceObservingManager.start(WorkspaceObservingManager.java:91), the full stacktrace will be logged in debug mode in the info.magnolia.cms.util.DeprecationUtil category.
INFO  info.magnolia.commands.CommandsManager 04.03.2021 08:32:38 -- Catalog [default] registered: [info.magnolia.commands.MgnlCatalog: unpublish, publish, activate, deactivate]
INFO  info.magnolia.commands.CommandsManager 04.03.2021 08:32:38 -- Catalog [versioned] registered: [info.magnolia.commands.MgnlCatalog: unpublish, publish, activate, deactivate]
INFO  info.magnolia.commands.CommandsManager 04.03.2021 08:32:38 -- Catalog [cache] registered: [info.magnolia.commands.MgnlCatalog: flushNamedCache, flushByUUID, flushAll]
INFO  info.magnolia.commands.CommandsManager 04.03.2021 08:32:38 -- Catalog [resources] registered: [info.magnolia.commands.MgnlCatalog: versionResources]
INFO  info.magnolia.commands.CommandsManager 04.03.2021 08:32:38 -- Adding new command [importZip] to already registered catalog [default]...
INFO  info.magnolia.commands.CommandsManager 04.03.2021 08:32:38 -- Adding new command [cleanTempFiles] to already registered catalog [default]...
INFO  info.magnolia.commands.CommandsManager 04.03.2021 08:32:38 -- Adding new command [exportYaml] to already registered catalog [default]...
INFO  info.magnolia.commands.CommandsManager 04.03.2021 08:32:38 -- Adding new command [import] to already registered catalog [default]...
INFO  info.magnolia.commands.CommandsManager 04.03.2021 08:32:38 -- Adding new command [markAsDeleted] to already registered catalog [default]...
INFO  info.magnolia.commands.CommandsManager 04.03.2021 08:32:38 -- Adding new command [restorePreviousVersion] to already registered catalog [default]...
INFO  info.magnolia.commands.CommandsManager 04.03.2021 08:32:38 -- Adding new command [export] to already registered catalog [default]...
INFO  info.magnolia.commands.CommandsManager 04.03.2021 08:32:38 -- Adding new command [delete] to already registered catalog [default]...
INFO  info.magnolia.commands.CommandsManager 04.03.2021 08:32:38 -- Adding new command [configScan] to already registered catalog [default]...
DEBUG class org.ehcache.core.Ehcache-defaultPageCache 04.03.2021 08:32:39 -- Initialize successful.
DEBUG class org.ehcache.core.Ehcache-uuid-key-mapping 04.03.2021 08:32:39 -- Initialize successful.
INFO  info.magnolia.cms.i18n.DefaultMessagesManager 04.03.2021 08:32:39 -- Loading i18n configuration - /server/i18n/system
INFO  info.magnolia.cms.i18n.DefaultMessagesManager 04.03.2021 08:32:39 -- Registering event listener for i18n
INFO  info.magnolia.cms.beans.config.MIMEMapping 04.03.2021 08:32:39 -- Initializing MIMEMapping from /server/MIMEMapping
INFO  info.magnolia.cms.beans.config.MIMEMapping 04.03.2021 08:32:39 -- Registering event listener for MIMEMapping
INFO  info.magnolia.cms.beans.config.ConfigLoader 04.03.2021 08:32:39 -- Configuration loaded (took 16 seconds)
INFO  info.magnolia.cms.filters.FilterManagerImpl 04.03.2021 08:32:39 -- Initializing filters
INFO  info.magnolia.cms.filters.CompositeFilter 04.03.2021 08:32:39 -- Initializing filter [context]
INFO  info.magnolia.cms.filters.CompositeFilter 04.03.2021 08:32:39 -- Initializing filter [contentType]
INFO  info.magnolia.cms.filters.CompositeFilter 04.03.2021 08:32:39 -- Initializing filter [multipartRequest]
INFO  info.magnolia.cms.filters.CompositeFilter 04.03.2021 08:32:39 -- Initializing filter [unicodeNormalization]
INFO  info.magnolia.cms.filters.CompositeFilter 04.03.2021 08:32:39 -- Initializing filter [csrfTokenSecurity]
INFO  info.magnolia.cms.filters.CompositeFilter 04.03.2021 08:32:39 -- Initializing filter [login]
INFO  info.magnolia.cms.filters.CompositeFilter 04.03.2021 08:32:39 -- Initializing filter [publishing]
INFO  info.magnolia.cms.filters.CompositeFilter 04.03.2021 08:32:39 -- Initializing filter [gzip]
INFO  info.magnolia.cms.filters.CompositeFilter 04.03.2021 08:32:39 -- Initializing filter [channel]
INFO  info.magnolia.cms.filters.CompositeFilter 04.03.2021 08:32:39 -- Initializing filter [logout]
INFO  info.magnolia.cms.filters.CompositeFilter 04.03.2021 08:32:39 -- Initializing filter [securityCallback]
INFO  info.magnolia.cms.filters.CompositeFilter 04.03.2021 08:32:39 -- Initializing filter [csrfSecurity]
INFO  info.magnolia.cms.filters.CompositeFilter 04.03.2021 08:32:39 -- Initializing filter [uriSecurity]
INFO  info.magnolia.cms.filters.CompositeFilter 04.03.2021 08:32:39 -- Initializing filter [cors]
INFO  info.magnolia.cms.filters.CompositeFilter 04.03.2021 08:32:39 -- Initializing filter [range]
INFO  info.magnolia.cms.filters.CompositeFilter 04.03.2021 08:32:39 -- Initializing filter [i18n]
INFO  info.magnolia.cms.filters.CompositeFilter 04.03.2021 08:32:39 -- Initializing filter [cache]
INFO  info.magnolia.cms.filters.CompositeFilter 04.03.2021 08:32:39 -- Initializing filter [virtualURI]
INFO  info.magnolia.cms.filters.CompositeFilter 04.03.2021 08:32:39 -- Initializing filter [servlets]
INFO  info.magnolia.cms.filters.CompositeFilter 04.03.2021 08:32:39 -- Initializing filter [Wrapper for ImagingServlet servlet]
INFO  info.magnolia.cms.filters.CompositeFilter 04.03.2021 08:32:39 -- Initializing filter [Wrapper for ResourcesServlet servlet]
INFO  info.magnolia.cms.filters.CompositeFilter 04.03.2021 08:32:39 -- Initializing filter [Wrapper for Admincentral-m5 servlet]
INFO  info.magnolia.cms.filters.CompositeFilter 04.03.2021 08:32:40 -- Initializing filter [Wrapper for Admincentral servlet]
INFO  info.magnolia.cms.filters.CompositeFilter 04.03.2021 08:32:40 -- Initializing filter [Wrapper for VaadinStatic servlet]
INFO  info.magnolia.cms.filters.CompositeFilter 04.03.2021 08:32:40 -- Initializing filter [cms]
INFO  info.magnolia.cms.filters.CompositeFilter 04.03.2021 08:32:40 -- Initializing filter [repositoryMapping]
INFO  info.magnolia.cms.filters.CompositeFilter 04.03.2021 08:32:40 -- Initializing filter [contentSecurity]
INFO  info.magnolia.cms.filters.CompositeFilter 04.03.2021 08:32:40 -- Initializing filter [aggregator]
INFO  info.magnolia.cms.filters.CompositeFilter 04.03.2021 08:32:40 -- Initializing filter [modelExecution]
INFO  info.magnolia.cms.filters.CompositeFilter 04.03.2021 08:32:40 -- Initializing filter [rendering]
INFO  info.magnolia.i18nsystem.DefaultMessageBundlesLoader 04.03.2021 08:33:31 -- 
------------------------------------
Duplicated keys found while loading message bundles from ./mgnl-i18n :
------------------------------------
Number of duplicates based on key pattern <key>_<locale>_<bundle-url>: 88
Number of duplicates based on key pattern <key>_<locale>: 88
Number of duplicates based on key pattern <key>: 77
To get more details concerning the keys, raise the log level to 'DEBUG' for info.magnolia.i18nsystem.DefaultMessageBundlesLoader.
If you encounter a large number of duplicates, it's possible that you are running in a development environment where you have multiple copies of the web-apps in the overlays folder of your web-app.
URLs of the affected files creating duplicate entries:
LayeredResource{path='/lang-cs/i18n/ui-admincentral/pulse/ui-admincentral-pulse-messages_cs.properties', layeredResources=[ClasspathResource{origin=classpath,path=/lang-cs/i18n/ui-admincentral/pulse/ui-admincentral-pulse-messages_cs.properties,file}]}
LayeredResource{path='/lang-cs/i18n/ui-admincentral/ui-admincentral-messages_cs.properties', layeredResources=[ClasspathResource{origin=classpath,path=/lang-cs/i18n/ui-admincentral/ui-admincentral-messages_cs.properties,file}]}
LayeredResource{path='/mgnl-i18n/standard-templating-kit/app-stkTemplateDefsApp-messages_de.properties', layeredResources=[ClasspathResource{origin=classpath,path=/mgnl-i18n/standard-templating-kit/app-stkTemplateDefsApp-messages_de.properties,file}]}
LayeredResource{path='/mgnl-i18n/ui-admincentral/shellapp-app-launcher-messages_ja.properties', layeredResources=[ClasspathResource{origin=classpath,path=/mgnl-i18n/ui-admincentral/shellapp-app-launcher-messages_ja.properties,file}]}
LayeredResource{path='/mgnl-i18n/ui-admincentral/ui-admincentral-messages_ko.properties', layeredResources=[ClasspathResource{origin=classpath,path=/mgnl-i18n/ui-admincentral/ui-admincentral-messages_ko.properties,file}]}
LayeredResource{path='/mgnl-i18n/workflow/workflow-messages_de.properties', layeredResources=[ClasspathResource{origin=classpath,path=/mgnl-i18n/workflow/workflow-messages_de.properties,file}]}
LayeredResource{path='/mgnl-i18n/workflow/workflow-messages_ko.properties', layeredResources=[ClasspathResource{origin=classpath,path=/mgnl-i18n/workflow/workflow-messages_ko.properties,file}]}
LayeredResource{path='/mgnl-i18n/workflow/workflow-messages_zh_CN.properties', layeredResources=[ClasspathResource{origin=classpath,path=/mgnl-i18n/workflow/workflow-messages_zh_CN.properties,file}]}
LayeredResource{path='/personalization-pages/i18n/personalization-pages_de.properties', layeredResources=[ClasspathResource{origin=classpath,path=/personalization-pages/i18n/personalization-pages_de.properties,file}]}
LayeredResource{path='/travel-demo-multisite/i18n/module-travel-demo-multisite-messages_ko.properties', layeredResources=[ClasspathResource{origin=classpath,path=/travel-demo-multisite/i18n/module-travel-demo-multisite-messages_ko.properties,file}]}
LayeredResource{path='/travel-demo/i18n/module-travel-demo-messages_ko.properties', layeredResources=[ClasspathResource{origin=classpath,path=/travel-demo/i18n/module-travel-demo-messages_ko.properties,file}]}
LayeredResource{path='/ui-admincentral/i18n/pulse/ui-admincentral-pulse-messages_en.properties', layeredResources=[ClasspathResource{origin=classpath,path=/ui-admincentral/i18n/pulse/ui-admincentral-pulse-messages_en.properties,file}]}
LayeredResource{path='/ui-admincentral/i18n/ui-admincentral-messages_en.properties', layeredResources=[ClasspathResource{origin=classpath,path=/ui-admincentral/i18n/ui-admincentral-messages_en.properties,file}]}
LayeredResource{path='/ui-form/i18n/module-ui-form-backend_en.properties', layeredResources=[ClasspathResource{origin=classpath,path=/ui-form/i18n/module-ui-form-backend_en.properties,file}]}
LayeredResource{path='/ui-framework-core/i18n/ui-framework_de.properties', layeredResources=[ClasspathResource{origin=classpath,path=/ui-framework-core/i18n/ui-framework_de.properties,file}]}
LayeredResource{path='/ui-framework-core/i18n/ui-framework_en.properties', layeredResources=[ClasspathResource{origin=classpath,path=/ui-framework-core/i18n/ui-framework_en.properties,file}]}
------------------------------------
INFO  info.magnolia.i18nsystem.DefaultMessageBundlesLoader 04.03.2021 08:33:31 -- Starting monitoring of info.magnolia.resourceloader.layered.LayeredResourceOrigin@39918e68 to load translation files
INFO  info.magnolia.module.ModuleManagerImpl 04.03.2021 08:34:56 -- Stopping module content-importer
INFO  info.magnolia.module.ModuleManagerImpl 04.03.2021 08:34:56 -- Stopping module task-management
INFO  info.magnolia.module.ModuleManagerImpl 04.03.2021 08:34:56 -- Stopping module magnolia-usage-metrics
INFO  info.magnolia.module.ModuleManagerImpl 04.03.2021 08:34:56 -- Stopping module ui-admincentral
INFO  info.magnolia.module.ModuleManagerImpl 04.03.2021 08:34:56 -- Stopping module scheduler
INFO  info.magnolia.module.scheduler.SchedulerModule 04.03.2021 08:34:56 -- Waiting up to 30 seconds for scheduled jobs to stop...
INFO  info.magnolia.module.ModuleManagerImpl 04.03.2021 08:34:57 -- Stopping module ui-framework
INFO  info.magnolia.module.ModuleManagerImpl 04.03.2021 08:34:57 -- Stopping module imaging
INFO  info.magnolia.module.ModuleManagerImpl 04.03.2021 08:34:57 -- Stopping module virtual-uri
INFO  info.magnolia.module.ModuleManagerImpl 04.03.2021 08:34:57 -- Stopping module ui-framework-core
INFO  info.magnolia.module.ModuleManagerImpl 04.03.2021 08:34:57 -- Stopping module rendering
INFO  info.magnolia.module.ModuleManagerImpl 04.03.2021 08:34:57 -- Stopping module periscope-core
INFO  info.magnolia.module.ModuleManagerImpl 04.03.2021 08:34:57 -- Stopping module content-types
INFO  info.magnolia.module.ModuleManagerImpl 04.03.2021 08:34:57 -- Stopping module cache
INFO  info.magnolia.module.cache.AbstractListeningFlushPolicy 04.03.2021 08:34:57 -- Unregistering event listener mapped to key [defaultPageCache:resources:/] 
INFO  info.magnolia.module.cache.AbstractListeningFlushPolicy 04.03.2021 08:34:57 -- Unregistering event listener mapped to key [defaultPageCache:userroles:/] 
INFO  info.magnolia.module.cache.AbstractListeningFlushPolicy 04.03.2021 08:34:57 -- Unregistering event listener mapped to key [defaultPageCache:website:/] 
INFO  info.magnolia.module.cache.AbstractListeningFlushPolicy 04.03.2021 08:34:57 -- Unregistering event listener mapped to key [defaultPageCache:config:/] 
INFO  info.magnolia.module.cache.AbstractListeningFlushPolicy 04.03.2021 08:34:57 -- Unregistering event listener mapped to key [defaultPageCache:default:/] 
INFO  info.magnolia.module.cache.AbstractListeningFlushPolicy 04.03.2021 08:34:57 -- Unregistering event listener mapped to key [defaultPageCache:tasks:/] 
INFO  info.magnolia.module.cache.AbstractListeningFlushPolicy 04.03.2021 08:34:57 -- Unregistering event listener mapped to key [defaultPageCache:usergroups:/] 
INFO  info.magnolia.module.cache.AbstractListeningFlushPolicy 04.03.2021 08:34:57 -- Unregistering event listener mapped to key [uuid-key-mapping:config:/] 
INFO  info.magnolia.module.cache.AbstractListeningFlushPolicy 04.03.2021 08:34:57 -- Unregistering event listener mapped to key [uuid-key-mapping:userroles:/] 
INFO  info.magnolia.module.cache.AbstractListeningFlushPolicy 04.03.2021 08:34:57 -- Unregistering event listener mapped to key [uuid-key-mapping:website:/] 
INFO  info.magnolia.module.cache.AbstractListeningFlushPolicy 04.03.2021 08:34:57 -- Unregistering event listener mapped to key [uuid-key-mapping:resources:/] 
INFO  info.magnolia.module.cache.AbstractListeningFlushPolicy 04.03.2021 08:34:57 -- Unregistering event listener mapped to key [uuid-key-mapping:default:/] 
INFO  info.magnolia.module.cache.AbstractListeningFlushPolicy 04.03.2021 08:34:57 -- Unregistering event listener mapped to key [uuid-key-mapping:tasks:/] 
INFO  info.magnolia.module.cache.AbstractListeningFlushPolicy 04.03.2021 08:34:57 -- Unregistering event listener mapped to key [uuid-key-mapping:usergroups:/] 
DEBUG class org.ehcache.core.Ehcache-defaultPageCache 04.03.2021 08:34:57 -- Close successful.
DEBUG class org.ehcache.core.Ehcache-uuid-key-mapping 04.03.2021 08:34:57 -- Close successful.
INFO  info.magnolia.module.ModuleManagerImpl 04.03.2021 08:34:57 -- Stopping module config
INFO  info.magnolia.dirwatch.DirectoryWatcherService 04.03.2021 08:34:57 -- DirectoryWatcherService terminated.
INFO  info.magnolia.resourceloader.classpath.service.impl.devmode.DevelopmentModeClasspathService 04.03.2021 08:34:57 -- DevelopmentModeClasspathService terminated.
INFO  info.magnolia.module.ModuleManagerImpl 04.03.2021 08:34:57 -- Stopping module publishing-core
INFO  info.magnolia.repository.DefaultRepositoryManager 04.03.2021 08:34:57 -- Shutting down JCR
INFO  info.magnolia.jackrabbit.ProviderImpl 04.03.2021 08:34:57 -- Shutting down repository bound to 'magnoliaAuthor'
